
*** Running vivado
    with args -log pwm.vdi -applog -m64 -product Vivado -messageDb vivado.pb -mode batch -source pwm.tcl -notrace



****** Vivado v2020.1 (64-bit)
  **** SW Build 2902540 on Wed May 27 19:54:49 MDT 2020
  **** IP Build 2902112 on Wed May 27 22:43:36 MDT 2020
    ** Copyright 1986-2020 Xilinx, Inc. All Rights Reserved.

source pwm.tcl -notrace
Command: link_design -top pwm -part xc7a35tcpg236-1
Design is defaulting to srcset: sources_1
Design is defaulting to constrset: constrs_1
INFO: [Device 21-403] Loading part xc7a35tcpg236-1
INFO: [Project 1-454] Reading design checkpoint 'e:/Digilent/Course 1/pwm/pwm.srcs/sources_1/ip/ila_0/ila_0.dcp' for cell 'analyzer1'
Netlist sorting complete. Time (s): cpu = 00:00:00 ; elapsed = 00:00:00.067 . Memory (MB): peak = 1027.895 ; gain = 0.000
INFO: [Netlist 29-17] Analyzing 167 Unisim elements for replacement
INFO: [Netlist 29-28] Unisim Transformation completed in 0 CPU seconds
INFO: [Project 1-479] Netlist was created with Vivado 2020.1
INFO: [Project 1-570] Preparing netlist for logic optimization
INFO: [Chipscope 16-324] Core: analyzer1 UUID: 52239215-1c6b-5540-884f-cf8b619dcd17 
Parsing XDC File [e:/Digilent/Course 1/pwm/pwm.srcs/sources_1/ip/ila_0/ila_v6_2/constraints/ila_impl.xdc] for cell 'analyzer1/U0'
Finished Parsing XDC File [e:/Digilent/Course 1/pwm/pwm.srcs/sources_1/ip/ila_0/ila_v6_2/constraints/ila_impl.xdc] for cell 'analyzer1/U0'
Parsing XDC File [e:/Digilent/Course 1/pwm/pwm.srcs/sources_1/ip/ila_0/ila_v6_2/constraints/ila.xdc] for cell 'analyzer1/U0'
Finished Parsing XDC File [e:/Digilent/Course 1/pwm/pwm.srcs/sources_1/ip/ila_0/ila_v6_2/constraints/ila.xdc] for cell 'analyzer1/U0'
Parsing XDC File [E:/Digilent/Basys3_master.xdc]
Finished Parsing XDC File [E:/Digilent/Basys3_master.xdc]
INFO: [Opt 31-138] Pushed 0 inverter(s) to 0 load pin(s).
Netlist sorting complete. Time (s): cpu = 00:00:00 ; elapsed = 00:00:00.002 . Memory (MB): peak = 1027.895 ; gain = 0.000
INFO: [Project 1-111] Unisim Transformation Summary:
  A total of 44 instances were transformed.
  CFGLUT5 => CFGLUT5 (SRL16E, SRLC32E): 44 instances

9 Infos, 0 Warnings, 0 Critical Warnings and 0 Errors encountered.
link_design completed successfully
link_design: Time (s): cpu = 00:00:08 ; elapsed = 00:00:09 . Memory (MB): peak = 1027.895 ; gain = 0.000
Command: opt_design
Attempting to get a license for feature 'Implementation' and/or device 'xc7a35t'
INFO: [Common 17-349] Got license for feature 'Implementation' and/or device 'xc7a35t'
Running DRC as a precondition to command opt_design

Starting DRC Task
INFO: [DRC 23-27] Running DRC with 2 threads
INFO: [Project 1-461] DRC finished with 0 Errors
INFO: [Project 1-462] Please refer to the DRC report (report_drc) for more information.

Time (s): cpu = 00:00:02 ; elapsed = 00:00:01 . Memory (MB): peak = 1027.895 ; gain = 0.000

Starting Cache Timing Information Task
INFO: [Timing 38-35] Done setting XDC timing constraints.
Ending Cache Timing Information Task | Checksum: 22d7d6643

Time (s): cpu = 00:00:08 ; elapsed = 00:00:09 . Memory (MB): peak = 1378.930 ; gain = 351.035

Starting Logic Optimization Task

Phase 1 Generate And Synthesize Debug Cores
INFO: [Chipscope 16-329] Generating Script for core instance : dbg_hub 
INFO: [IP_Flow 19-3806] Processing IP xilinx.com:ip:xsdbm:3.0 for cell dbg_hub_CV.
Netlist sorting complete. Time (s): cpu = 00:00:00 ; elapsed = 00:00:00.031 . Memory (MB): peak = 1624.523 ; gain = 0.000
Phase 1 Generate And Synthesize Debug Cores | Checksum: 24e46e566

Time (s): cpu = 00:00:01 ; elapsed = 00:01:23 . Memory (MB): peak = 1624.523 ; gain = 38.973

Phase 2 Retarget
INFO: [Opt 31-138] Pushed 0 inverter(s) to 0 load pin(s).
INFO: [Opt 31-49] Retargeted 0 cell(s).
Phase 2 Retarget | Checksum: 1bdf1a157

Time (s): cpu = 00:00:01 ; elapsed = 00:01:23 . Memory (MB): peak = 1624.523 ; gain = 38.973
INFO: [Opt 31-389] Phase Retarget created 4 cells and removed 11 cells
INFO: [Opt 31-1021] In phase Retarget, 80 netlist objects are constrained preventing optimization. Please run opt_design with -debug_log to get more detail. 

Phase 3 Constant propagation
INFO: [Opt 31-138] Pushed 0 inverter(s) to 0 load pin(s).
Phase 3 Constant propagation | Checksum: 1155f28b9

Time (s): cpu = 00:00:01 ; elapsed = 00:01:23 . Memory (MB): peak = 1624.523 ; gain = 38.973
INFO: [Opt 31-389] Phase Constant propagation created 0 cells and removed 16 cells
INFO: [Opt 31-1021] In phase Constant propagation, 47 netlist objects are constrained preventing optimization. Please run opt_design with -debug_log to get more detail. 

Phase 4 Sweep
Phase 4 Sweep | Checksum: 12e0f312f

Time (s): cpu = 00:00:02 ; elapsed = 00:01:24 . Memory (MB): peak = 1624.523 ; gain = 38.973
INFO: [Opt 31-389] Phase Sweep created 0 cells and removed 34 cells
INFO: [Opt 31-1021] In phase Sweep, 889 netlist objects are constrained preventing optimization. Please run opt_design with -debug_log to get more detail. 

Phase 5 BUFG optimization
Phase 5 BUFG optimization | Checksum: 12e0f312f

Time (s): cpu = 00:00:02 ; elapsed = 00:01:24 . Memory (MB): peak = 1624.523 ; gain = 38.973
INFO: [Opt 31-662] Phase BUFG optimization created 0 cells of which 0 are BUFGs and removed 0 cells.
INFO: [Opt 31-1021] In phase BUFG optimization, 1 netlist objects are constrained preventing optimization. Please run opt_design with -debug_log to get more detail. 

Phase 6 Shift Register Optimization
INFO: [Opt 31-1064] SRL Remap converted 0 SRLs to 0 registers and converted 0 registers of register chains to 0 SRLs
Phase 6 Shift Register Optimization | Checksum: 12e0f312f

Time (s): cpu = 00:00:02 ; elapsed = 00:01:24 . Memory (MB): peak = 1624.523 ; gain = 38.973
INFO: [Opt 31-389] Phase Shift Register Optimization created 0 cells and removed 0 cells

Phase 7 Post Processing Netlist
Phase 7 Post Processing Netlist | Checksum: 12e0f312f

Time (s): cpu = 00:00:02 ; elapsed = 00:01:24 . Memory (MB): peak = 1624.523 ; gain = 38.973
INFO: [Opt 31-389] Phase Post Processing Netlist created 0 cells and removed 0 cells
INFO: [Opt 31-1021] In phase Post Processing Netlist, 57 netlist objects are constrained preventing optimization. Please run opt_design with -debug_log to get more detail. 
Opt_design Change Summary
=========================


-------------------------------------------------------------------------------------------------------------------------
|  Phase                        |  #Cells created  |  #Cells Removed  |  #Constrained objects preventing optimizations  |
-------------------------------------------------------------------------------------------------------------------------
|  Retarget                     |               4  |              11  |                                             80  |
|  Constant propagation         |               0  |              16  |                                             47  |
|  Sweep                        |               0  |              34  |                                            889  |
|  BUFG optimization            |               0  |               0  |                                              1  |
|  Shift Register Optimization  |               0  |               0  |                                              0  |
|  Post Processing Netlist      |               0  |               0  |                                             57  |
-------------------------------------------------------------------------------------------------------------------------



Starting Connectivity Check Task

Time (s): cpu = 00:00:00 ; elapsed = 00:00:00.008 . Memory (MB): peak = 1624.523 ; gain = 0.000
Ending Logic Optimization Task | Checksum: 19b9da1c9

Time (s): cpu = 00:00:02 ; elapsed = 00:01:24 . Memory (MB): peak = 1624.523 ; gain = 38.973

Starting Power Optimization Task
INFO: [Pwropt 34-132] Skipping clock gating for clocks with a period < 2.00 ns.
INFO: [Timing 38-35] Done setting XDC timing constraints.
Running Vector-less Activity Propagation...

Finished Running Vector-less Activity Propagation
INFO: [Pwropt 34-9] Applying IDT optimizations ...
INFO: [Pwropt 34-10] Applying ODC optimizations ...


Starting PowerOpt Patch Enables Task
INFO: [Pwropt 34-162] WRITE_MODE attribute of 0 BRAM(s) out of a total of 34 has been updated to save power. Run report_power_opt to get a complete listing of the BRAMs updated.
INFO: [Pwropt 34-201] Structural ODC has moved 0 WE to EN ports
Number of BRAM Ports augmented: 69 newly gated: 0 Total Ports: 68
Number of Flops added for Enable Generation: 1

Ending PowerOpt Patch Enables Task | Checksum: 224e7edc5

Time (s): cpu = 00:00:00 ; elapsed = 00:00:00.312 . Memory (MB): peak = 1724.668 ; gain = 0.000
Ending Power Optimization Task | Checksum: 224e7edc5

Time (s): cpu = 00:00:06 ; elapsed = 00:00:06 . Memory (MB): peak = 1724.668 ; gain = 100.145

Starting Final Cleanup Task

Starting Logic Optimization Task
INFO: [Timing 38-35] Done setting XDC timing constraints.
Ending Logic Optimization Task | Checksum: 22b92cb19

Time (s): cpu = 00:00:01 ; elapsed = 00:00:00.555 . Memory (MB): peak = 1724.668 ; gain = 0.000
Ending Final Cleanup Task | Checksum: 22b92cb19

Time (s): cpu = 00:00:03 ; elapsed = 00:00:03 . Memory (MB): peak = 1724.668 ; gain = 0.000

Starting Netlist Obfuscation Task
Netlist sorting complete. Time (s): cpu = 00:00:00 ; elapsed = 00:00:00.003 . Memory (MB): peak = 1724.668 ; gain = 0.000
Ending Netlist Obfuscation Task | Checksum: 22b92cb19

Time (s): cpu = 00:00:00 ; elapsed = 00:00:00.003 . Memory (MB): peak = 1724.668 ; gain = 0.000
INFO: [Common 17-83] Releasing license: Implementation
42 Infos, 0 Warnings, 0 Critical Warnings and 0 Errors encountered.
opt_design completed successfully
opt_design: Time (s): cpu = 00:00:23 ; elapsed = 00:01:45 . Memory (MB): peak = 1724.668 ; gain = 696.773
INFO: [Timing 38-35] Done setting XDC timing constraints.
INFO: [Timing 38-480] Writing timing data to binary archive.
Writing placer database...
Writing XDEF routing.
Writing XDEF routing logical nets.
Writing XDEF routing special nets.
Write XDEF Complete: Time (s): cpu = 00:00:00 ; elapsed = 00:00:00.086 . Memory (MB): peak = 1724.668 ; gain = 0.000
INFO: [Common 17-1381] The checkpoint 'E:/Digilent/Course 1/pwm/pwm.runs/impl_1/pwm_opt.dcp' has been generated.
INFO: [runtcl-4] Executing : report_drc -file pwm_drc_opted.rpt -pb pwm_drc_opted.pb -rpx pwm_drc_opted.rpx
Command: report_drc -file pwm_drc_opted.rpt -pb pwm_drc_opted.pb -rpx pwm_drc_opted.rpx
INFO: [IP_Flow 19-1839] IP Catalog is up to date.
INFO: [DRC 23-27] Running DRC with 2 threads
INFO: [Coretcl 2-168] The results of DRC are in file E:/Digilent/Course 1/pwm/pwm.runs/impl_1/pwm_drc_opted.rpt.
report_drc completed successfully
INFO: [Chipscope 16-240] Debug cores have already been implemented
Command: place_design
Attempting to get a license for feature 'Implementation' and/or device 'xc7a35t'
INFO: [Common 17-349] Got license for feature 'Implementation' and/or device 'xc7a35t'
INFO: [DRC 23-27] Running DRC with 2 threads
INFO: [Vivado_Tcl 4-198] DRC finished with 0 Errors
INFO: [Vivado_Tcl 4-199] Please refer to the DRC report (report_drc) for more information.
Running DRC as a precondition to command place_design
INFO: [DRC 23-27] Running DRC with 2 threads
INFO: [Vivado_Tcl 4-198] DRC finished with 0 Errors
INFO: [Vivado_Tcl 4-199] Please refer to the DRC report (report_drc) for more information.

Starting Placer Task
INFO: [Place 30-611] Multithreading enabled for place_design using a maximum of 2 CPUs

Phase 1 Placer Initialization

Phase 1.1 Placer Initialization Netlist Sorting
Netlist sorting complete. Time (s): cpu = 00:00:00 ; elapsed = 00:00:00.003 . Memory (MB): peak = 1724.668 ; gain = 0.000
Phase 1.1 Placer Initialization Netlist Sorting | Checksum: 135508b48

Time (s): cpu = 00:00:00 ; elapsed = 00:00:00.152 . Memory (MB): peak = 1724.668 ; gain = 0.000
Netlist sorting complete. Time (s): cpu = 00:00:00 ; elapsed = 00:00:00.003 . Memory (MB): peak = 1724.668 ; gain = 0.000

Phase 1.2 IO Placement/ Clock Placement/ Build Placer Device
Phase 1.2 IO Placement/ Clock Placement/ Build Placer Device | Checksum: 1caec135b

Time (s): cpu = 00:00:01 ; elapsed = 00:00:01 . Memory (MB): peak = 1724.668 ; gain = 0.000

Phase 1.3 Build Placer Netlist Model
Phase 1.3 Build Placer Netlist Model | Checksum: 226b79644

Time (s): cpu = 00:00:02 ; elapsed = 00:00:02 . Memory (MB): peak = 1724.668 ; gain = 0.000

Phase 1.4 Constrain Clocks/Macros
Phase 1.4 Constrain Clocks/Macros | Checksum: 226b79644

Time (s): cpu = 00:00:03 ; elapsed = 00:00:02 . Memory (MB): peak = 1724.668 ; gain = 0.000
Phase 1 Placer Initialization | Checksum: 226b79644

Time (s): cpu = 00:00:03 ; elapsed = 00:00:02 . Memory (MB): peak = 1724.668 ; gain = 0.000

Phase 2 Global Placement

Phase 2.1 Floorplanning
Phase 2.1 Floorplanning | Checksum: 2bca93c52

Time (s): cpu = 00:00:03 ; elapsed = 00:00:03 . Memory (MB): peak = 1724.668 ; gain = 0.000

Phase 2.2 Global Placement Core

Phase 2.2.1 Physical Synthesis In Placer
INFO: [Physopt 32-1035] Found 0 LUTNM shape to break, 163 LUT instances to create LUTNM shape
INFO: [Physopt 32-1044] Break lutnm for timing: one critical 0, two critical 0, total 0, new lutff created 0
INFO: [Physopt 32-775] End 1 Pass. Optimized 71 nets or cells. Created 0 new cell, deleted 71 existing cells and moved 0 existing cell
INFO: [Physopt 32-65] No nets found for high-fanout optimization.
INFO: [Physopt 32-232] Optimized 0 net. Created 0 new instance.
INFO: [Physopt 32-775] End 1 Pass. Optimized 0 net or cell. Created 0 new cell, deleted 0 existing cell and moved 0 existing cell
INFO: [Physopt 32-670] No setup violation found.  DSP Register Optimization was not performed.
INFO: [Physopt 32-670] No setup violation found.  Shift Register to Pipeline Optimization was not performed.
INFO: [Physopt 32-670] No setup violation found.  Shift Register Optimization was not performed.
INFO: [Physopt 32-670] No setup violation found.  BRAM Register Optimization was not performed.
INFO: [Physopt 32-670] No setup violation found.  URAM Register Optimization was not performed.
INFO: [Physopt 32-949] No candidate nets found for HD net replication
INFO: [Physopt 32-775] End 1 Pass. Optimized 0 net or cell. Created 0 new cell, deleted 0 existing cell and moved 0 existing cell
Netlist sorting complete. Time (s): cpu = 00:00:00 ; elapsed = 00:00:00.003 . Memory (MB): peak = 1724.668 ; gain = 0.000

Summary of Physical Synthesis Optimizations
============================================


-----------------------------------------------------------------------------------------------------------------------------------------------------------
|  Optimization                                     |  Added Cells  |  Removed Cells  |  Optimized Cells/Nets  |  Dont Touch  |  Iterations  |  Elapsed   |
-----------------------------------------------------------------------------------------------------------------------------------------------------------
|  LUT Combining                                    |            0  |             71  |                    71  |           0  |           1  |  00:00:00  |
|  Very High Fanout                                 |            0  |              0  |                     0  |           0  |           1  |  00:00:00  |
|  DSP Register                                     |            0  |              0  |                     0  |           0  |           0  |  00:00:00  |
|  Shift Register to Pipeline                       |            0  |              0  |                     0  |           0  |           0  |  00:00:00  |
|  Shift Register                                   |            0  |              0  |                     0  |           0  |           0  |  00:00:00  |
|  BRAM Register                                    |            0  |              0  |                     0  |           0  |           0  |  00:00:00  |
|  URAM Register                                    |            0  |              0  |                     0  |           0  |           0  |  00:00:00  |
|  Dynamic/Static Region Interface Net Replication  |            0  |              0  |                     0  |           0  |           1  |  00:00:00  |
|  Total                                            |            0  |             71  |                    71  |           0  |           3  |  00:00:00  |
-----------------------------------------------------------------------------------------------------------------------------------------------------------


Phase 2.2.1 Physical Synthesis In Placer | Checksum: 2547afe56

Time (s): cpu = 00:00:09 ; elapsed = 00:00:06 . Memory (MB): peak = 1724.668 ; gain = 0.000
Phase 2.2 Global Placement Core | Checksum: 1849dbff8

Time (s): cpu = 00:00:09 ; elapsed = 00:00:06 . Memory (MB): peak = 1724.668 ; gain = 0.000
Phase 2 Global Placement | Checksum: 1849dbff8

Time (s): cpu = 00:00:09 ; elapsed = 00:00:06 . Memory (MB): peak = 1724.668 ; gain = 0.000

Phase 3 Detail Placement

Phase 3.1 Commit Multi Column Macros
Phase 3.1 Commit Multi Column Macros | Checksum: 1c4d6bcd2

Time (s): cpu = 00:00:10 ; elapsed = 00:00:06 . Memory (MB): peak = 1724.668 ; gain = 0.000

Phase 3.2 Commit Most Macros & LUTRAMs
Phase 3.2 Commit Most Macros & LUTRAMs | Checksum: 24cdeda0b

Time (s): cpu = 00:00:10 ; elapsed = 00:00:07 . Memory (MB): peak = 1724.668 ; gain = 0.000

Phase 3.3 Area Swap Optimization
Phase 3.3 Area Swap Optimization | Checksum: 17557a8f3

Time (s): cpu = 00:00:10 ; elapsed = 00:00:07 . Memory (MB): peak = 1724.668 ; gain = 0.000

Phase 3.4 Pipeline Register Optimization
Phase 3.4 Pipeline Register Optimization | Checksum: 1c5a7a5e6

Time (s): cpu = 00:00:10 ; elapsed = 00:00:07 . Memory (MB): peak = 1724.668 ; gain = 0.000

Phase 3.5 Small Shape Detail Placement
Phase 3.5 Small Shape Detail Placement | Checksum: 23b261a8a

Time (s): cpu = 00:00:12 ; elapsed = 00:00:08 . Memory (MB): peak = 1724.668 ; gain = 0.000

Phase 3.6 Re-assign LUT pins
Phase 3.6 Re-assign LUT pins | Checksum: 2ac317f4d

Time (s): cpu = 00:00:12 ; elapsed = 00:00:08 . Memory (MB): peak = 1724.668 ; gain = 0.000

Phase 3.7 Pipeline Register Optimization
Phase 3.7 Pipeline Register Optimization | Checksum: 25be18422

Time (s): cpu = 00:00:12 ; elapsed = 00:00:08 . Memory (MB): peak = 1724.668 ; gain = 0.000
Phase 3 Detail Placement | Checksum: 25be18422

Time (s): cpu = 00:00:12 ; elapsed = 00:00:08 . Memory (MB): peak = 1724.668 ; gain = 0.000

Phase 4 Post Placement Optimization and Clean-Up

Phase 4.1 Post Commit Optimization
INFO: [Timing 38-35] Done setting XDC timing constraints.

Phase 4.1.1 Post Placement Optimization
Post Placement Optimization Initialization | Checksum: 283d463bc

Phase 4.1.1.1 BUFG Insertion

Starting Physical Synthesis Task

Phase 1 Physical Synthesis Initialization
INFO: [Physopt 32-721] Multithreading enabled for phys_opt_design using a maximum of 2 CPUs
INFO: [Physopt 32-619] Estimated Timing Summary | WNS=3.349 | TNS=0.000 |
Phase 1 Physical Synthesis Initialization | Checksum: 28ec164d5

Time (s): cpu = 00:00:01 ; elapsed = 00:00:00.197 . Memory (MB): peak = 1724.668 ; gain = 0.000
INFO: [Place 46-56] BUFG insertion identified 0 candidate nets. Inserted BUFG: 0, Replicated BUFG Driver: 0, Skipped due to Placement/Routing Conflicts: 0, Skipped due to Timing Degradation: 0, Skipped due to Illegal Netlist: 0.
Ending Physical Synthesis Task | Checksum: 2b6f02136

Time (s): cpu = 00:00:01 ; elapsed = 00:00:00.208 . Memory (MB): peak = 1724.668 ; gain = 0.000
Phase 4.1.1.1 BUFG Insertion | Checksum: 283d463bc

Time (s): cpu = 00:00:14 ; elapsed = 00:00:09 . Memory (MB): peak = 1724.668 ; gain = 0.000
INFO: [Place 30-746] Post Placement Timing Summary WNS=3.349. For the most accurate timing information please run report_timing.
Phase 4.1.1 Post Placement Optimization | Checksum: 24fb13f63

Time (s): cpu = 00:00:14 ; elapsed = 00:00:09 . Memory (MB): peak = 1724.668 ; gain = 0.000
Phase 4.1 Post Commit Optimization | Checksum: 24fb13f63

Time (s): cpu = 00:00:14 ; elapsed = 00:00:09 . Memory (MB): peak = 1724.668 ; gain = 0.000

Phase 4.2 Post Placement Cleanup
Phase 4.2 Post Placement Cleanup | Checksum: 24fb13f63

Time (s): cpu = 00:00:14 ; elapsed = 00:00:10 . Memory (MB): peak = 1724.668 ; gain = 0.000

Phase 4.3 Placer Reporting
Phase 4.3 Placer Reporting | Checksum: 24fb13f63

Time (s): cpu = 00:00:14 ; elapsed = 00:00:10 . Memory (MB): peak = 1724.668 ; gain = 0.000

Phase 4.4 Final Placement Cleanup
Netlist sorting complete. Time (s): cpu = 00:00:00 ; elapsed = 00:00:00.003 . Memory (MB): peak = 1724.668 ; gain = 0.000
Phase 4.4 Final Placement Cleanup | Checksum: 1ebebc2f8

Time (s): cpu = 00:00:14 ; elapsed = 00:00:10 . Memory (MB): peak = 1724.668 ; gain = 0.000
Phase 4 Post Placement Optimization and Clean-Up | Checksum: 1ebebc2f8

Time (s): cpu = 00:00:14 ; elapsed = 00:00:10 . Memory (MB): peak = 1724.668 ; gain = 0.000
Ending Placer Task | Checksum: 15ce864fa

Time (s): cpu = 00:00:14 ; elapsed = 00:00:10 . Memory (MB): peak = 1724.668 ; gain = 0.000
INFO: [Common 17-83] Releasing license: Implementation
77 Infos, 0 Warnings, 0 Critical Warnings and 0 Errors encountered.
place_design completed successfully
place_design: Time (s): cpu = 00:00:15 ; elapsed = 00:00:11 . Memory (MB): peak = 1724.668 ; gain = 0.000
INFO: [Timing 38-480] Writing timing data to binary archive.
Writing placer database...
Writing XDEF routing.
Writing XDEF routing logical nets.
Writing XDEF routing special nets.
Write XDEF Complete: Time (s): cpu = 00:00:01 ; elapsed = 00:00:00.293 . Memory (MB): peak = 1724.668 ; gain = 0.000
INFO: [Common 17-1381] The checkpoint 'E:/Digilent/Course 1/pwm/pwm.runs/impl_1/pwm_placed.dcp' has been generated.
INFO: [runtcl-4] Executing : report_io -file pwm_io_placed.rpt
report_io: Time (s): cpu = 00:00:00 ; elapsed = 00:00:00.058 . Memory (MB): peak = 1724.668 ; gain = 0.000
INFO: [runtcl-4] Executing : report_utilization -file pwm_utilization_placed.rpt -pb pwm_utilization_placed.pb
INFO: [runtcl-4] Executing : report_control_sets -verbose -file pwm_control_sets_placed.rpt
report_control_sets: Time (s): cpu = 00:00:00 ; elapsed = 00:00:00.013 . Memory (MB): peak = 1724.668 ; gain = 0.000
Command: phys_opt_design
Attempting to get a license for feature 'Implementation' and/or device 'xc7a35t'
INFO: [Common 17-349] Got license for feature 'Implementation' and/or device 'xc7a35t'
INFO: [Vivado_Tcl 4-383] Design worst setup slack (WNS) is greater than or equal to 0.000 ns. Skipping all physical synthesis optimizations.
INFO: [Vivado_Tcl 4-232] No setup violation found. The netlist was not modified.
INFO: [Common 17-83] Releasing license: Implementation
86 Infos, 0 Warnings, 0 Critical Warnings and 0 Errors encountered.
phys_opt_design completed successfully
INFO: [Timing 38-480] Writing timing data to binary archive.
Writing placer database...
Writing XDEF routing.
Writing XDEF routing logical nets.
Writing XDEF routing special nets.
Write XDEF Complete: Time (s): cpu = 00:00:01 ; elapsed = 00:00:00.311 . Memory (MB): peak = 1724.668 ; gain = 0.000
INFO: [Common 17-1381] The checkpoint 'E:/Digilent/Course 1/pwm/pwm.runs/impl_1/pwm_physopt.dcp' has been generated.
Command: route_design
Attempting to get a license for feature 'Implementation' and/or device 'xc7a35t'
INFO: [Common 17-349] Got license for feature 'Implementation' and/or device 'xc7a35t'
Running DRC as a precondition to command route_design
INFO: [DRC 23-27] Running DRC with 2 threads
INFO: [Vivado_Tcl 4-198] DRC finished with 0 Errors
INFO: [Vivado_Tcl 4-199] Please refer to the DRC report (report_drc) for more information.


Starting Routing Task
INFO: [Route 35-254] Multithreading enabled for route_design using a maximum of 2 CPUs
Checksum: PlaceDB: eb553eb8 ConstDB: 0 ShapeSum: 71932642 RouteDB: 0

Phase 1 Build RT Design
Phase 1 Build RT Design | Checksum: 19c367cac

Time (s): cpu = 00:00:21 ; elapsed = 00:00:16 . Memory (MB): peak = 1791.238 ; gain = 66.570
Post Restoration Checksum: NetGraph: f1d82d63 NumContArr: aa5e4f49 Constraints: 0 Timing: 0

Phase 2 Router Initialization

Phase 2.1 Create Timer
Phase 2.1 Create Timer | Checksum: 19c367cac

Time (s): cpu = 00:00:21 ; elapsed = 00:00:16 . Memory (MB): peak = 1791.246 ; gain = 66.578

Phase 2.2 Fix Topology Constraints
Phase 2.2 Fix Topology Constraints | Checksum: 19c367cac

Time (s): cpu = 00:00:21 ; elapsed = 00:00:16 . Memory (MB): peak = 1797.277 ; gain = 72.609

Phase 2.3 Pre Route Cleanup
Phase 2.3 Pre Route Cleanup | Checksum: 19c367cac

Time (s): cpu = 00:00:21 ; elapsed = 00:00:16 . Memory (MB): peak = 1797.277 ; gain = 72.609
 Number of Nodes with overlaps = 0

Phase 2.4 Update Timing
Phase 2.4 Update Timing | Checksum: 1356bab20

Time (s): cpu = 00:00:23 ; elapsed = 00:00:17 . Memory (MB): peak = 1804.695 ; gain = 80.027
INFO: [Route 35-416] Intermediate Timing Summary | WNS=3.401  | TNS=0.000  | WHS=-0.161 | THS=-75.684|


Phase 2.5 Update Timing for Bus Skew

Phase 2.5.1 Update Timing
Phase 2.5.1 Update Timing | Checksum: 1cac5e3d2

Time (s): cpu = 00:00:24 ; elapsed = 00:00:18 . Memory (MB): peak = 1811.742 ; gain = 87.074
INFO: [Route 35-416] Intermediate Timing Summary | WNS=3.401  | TNS=0.000  | WHS=N/A    | THS=N/A    |

Phase 2.5 Update Timing for Bus Skew | Checksum: 1c7b82600

Time (s): cpu = 00:00:24 ; elapsed = 00:00:18 . Memory (MB): peak = 1825.227 ; gain = 100.559
Phase 2 Router Initialization | Checksum: 16de04477

Time (s): cpu = 00:00:24 ; elapsed = 00:00:18 . Memory (MB): peak = 1825.227 ; gain = 100.559

Router Utilization Summary
  Global Vertical Routing Utilization    = 0.00159451 %
  Global Horizontal Routing Utilization  = 0.000130141 %
  Routable Net Status*
  *Does not include unroutable nets such as driverless and loadless.
  Run report_route_status for detailed report.
  Number of Failed Nets               = 3268
    (Failed Nets is the sum of unrouted and partially routed nets)
  Number of Unrouted Nets             = 3267
  Number of Partially Routed Nets     = 1
  Number of Node Overlaps             = 0


Phase 3 Initial Routing
Phase 3 Initial Routing | Checksum: f6d6bcb2

Time (s): cpu = 00:00:25 ; elapsed = 00:00:19 . Memory (MB): peak = 1825.227 ; gain = 100.559

Phase 4 Rip-up And Reroute

Phase 4.1 Global Iteration 0
 Number of Nodes with overlaps = 353
 Number of Nodes with overlaps = 31
 Number of Nodes with overlaps = 3
 Number of Nodes with overlaps = 0
INFO: [Route 35-416] Intermediate Timing Summary | WNS=3.076  | TNS=0.000  | WHS=N/A    | THS=N/A    |

Phase 4.1 Global Iteration 0 | Checksum: 125e1c1e8

Time (s): cpu = 00:00:27 ; elapsed = 00:00:20 . Memory (MB): peak = 1825.227 ; gain = 100.559

Phase 4.2 Global Iteration 1
 Number of Nodes with overlaps = 1
 Number of Nodes with overlaps = 0
INFO: [Route 35-416] Intermediate Timing Summary | WNS=3.076  | TNS=0.000  | WHS=N/A    | THS=N/A    |

Phase 4.2 Global Iteration 1 | Checksum: 19ac172b0

Time (s): cpu = 00:00:27 ; elapsed = 00:00:20 . Memory (MB): peak = 1825.227 ; gain = 100.559
Phase 4 Rip-up And Reroute | Checksum: 19ac172b0

Time (s): cpu = 00:00:27 ; elapsed = 00:00:21 . Memory (MB): peak = 1825.227 ; gain = 100.559

Phase 5 Delay and Skew Optimization

Phase 5.1 Delay CleanUp

Phase 5.1.1 Update Timing
Phase 5.1.1 Update Timing | Checksum: 1c817d841

Time (s): cpu = 00:00:28 ; elapsed = 00:00:21 . Memory (MB): peak = 1825.227 ; gain = 100.559
INFO: [Route 35-416] Intermediate Timing Summary | WNS=3.076  | TNS=0.000  | WHS=N/A    | THS=N/A    |

Phase 5.1 Delay CleanUp | Checksum: 21a8c89ed

Time (s): cpu = 00:00:28 ; elapsed = 00:00:21 . Memory (MB): peak = 1825.227 ; gain = 100.559

Phase 5.2 Clock Skew Optimization
Phase 5.2 Clock Skew Optimization | Checksum: 21a8c89ed

Time (s): cpu = 00:00:28 ; elapsed = 00:00:21 . Memory (MB): peak = 1825.227 ; gain = 100.559
Phase 5 Delay and Skew Optimization | Checksum: 21a8c89ed

Time (s): cpu = 00:00:28 ; elapsed = 00:00:21 . Memory (MB): peak = 1825.227 ; gain = 100.559

Phase 6 Post Hold Fix

Phase 6.1 Hold Fix Iter

Phase 6.1.1 Update Timing
Phase 6.1.1 Update Timing | Checksum: 1afad1ed9

Time (s): cpu = 00:00:28 ; elapsed = 00:00:21 . Memory (MB): peak = 1825.227 ; gain = 100.559
INFO: [Route 35-416] Intermediate Timing Summary | WNS=3.076  | TNS=0.000  | WHS=0.017  | THS=0.000  |

Phase 6.1 Hold Fix Iter | Checksum: 176027f13

Time (s): cpu = 00:00:28 ; elapsed = 00:00:21 . Memory (MB): peak = 1825.227 ; gain = 100.559
Phase 6 Post Hold Fix | Checksum: 176027f13

Time (s): cpu = 00:00:28 ; elapsed = 00:00:21 . Memory (MB): peak = 1825.227 ; gain = 100.559

Phase 7 Route finalize

Router Utilization Summary
  Global Vertical Routing Utilization    = 1.19246 %
  Global Horizontal Routing Utilization  = 1.38196 %
  Routable Net Status*
  *Does not include unroutable nets such as driverless and loadless.
  Run report_route_status for detailed report.
  Number of Failed Nets               = 0
    (Failed Nets is the sum of unrouted and partially routed nets)
  Number of Unrouted Nets             = 0
  Number of Partially Routed Nets     = 0
  Number of Node Overlaps             = 0

Phase 7 Route finalize | Checksum: 239b4d3be

Time (s): cpu = 00:00:28 ; elapsed = 00:00:21 . Memory (MB): peak = 1825.227 ; gain = 100.559

Phase 8 Verifying routed nets

 Verification completed successfully
Phase 8 Verifying routed nets | Checksum: 239b4d3be

Time (s): cpu = 00:00:28 ; elapsed = 00:00:21 . Memory (MB): peak = 1825.227 ; gain = 100.559

Phase 9 Depositing Routes
Phase 9 Depositing Routes | Checksum: 21228dbcb

Time (s): cpu = 00:00:29 ; elapsed = 00:00:21 . Memory (MB): peak = 1825.227 ; gain = 100.559

Phase 10 Post Router Timing
INFO: [Route 35-57] Estimated Timing Summary | WNS=3.076  | TNS=0.000  | WHS=0.017  | THS=0.000  |

INFO: [Route 35-327] The final timing numbers are based on the router estimated timing analysis. For a complete and accurate timing signoff, please run report_timing_summary.
Phase 10 Post Router Timing | Checksum: 21228dbcb

Time (s): cpu = 00:00:29 ; elapsed = 00:00:21 . Memory (MB): peak = 1825.227 ; gain = 100.559
INFO: [Route 35-16] Router Completed Successfully

Time (s): cpu = 00:00:29 ; elapsed = 00:00:21 . Memory (MB): peak = 1825.227 ; gain = 100.559

Routing Is Done.
INFO: [Common 17-83] Releasing license: Implementation
103 Infos, 0 Warnings, 0 Critical Warnings and 0 Errors encountered.
route_design completed successfully
route_design: Time (s): cpu = 00:00:31 ; elapsed = 00:00:23 . Memory (MB): peak = 1825.227 ; gain = 100.559
INFO: [Timing 38-480] Writing timing data to binary archive.
Writing placer database...
Writing XDEF routing.
Writing XDEF routing logical nets.
Writing XDEF routing special nets.
Write XDEF Complete: Time (s): cpu = 00:00:01 ; elapsed = 00:00:00.414 . Memory (MB): peak = 1831.617 ; gain = 6.391
INFO: [Common 17-1381] The checkpoint 'E:/Digilent/Course 1/pwm/pwm.runs/impl_1/pwm_routed.dcp' has been generated.
INFO: [runtcl-4] Executing : report_drc -file pwm_drc_routed.rpt -pb pwm_drc_routed.pb -rpx pwm_drc_routed.rpx
Command: report_drc -file pwm_drc_routed.rpt -pb pwm_drc_routed.pb -rpx pwm_drc_routed.rpx
INFO: [IP_Flow 19-1839] IP Catalog is up to date.
INFO: [DRC 23-27] Running DRC with 2 threads
INFO: [Coretcl 2-168] The results of DRC are in file E:/Digilent/Course 1/pwm/pwm.runs/impl_1/pwm_drc_routed.rpt.
report_drc completed successfully
INFO: [runtcl-4] Executing : report_methodology -file pwm_methodology_drc_routed.rpt -pb pwm_methodology_drc_routed.pb -rpx pwm_methodology_drc_routed.rpx
Command: report_methodology -file pwm_methodology_drc_routed.rpt -pb pwm_methodology_drc_routed.pb -rpx pwm_methodology_drc_routed.rpx
INFO: [Timing 38-35] Done setting XDC timing constraints.
INFO: [DRC 23-133] Running Methodology with 2 threads
INFO: [Coretcl 2-1520] The results of Report Methodology are in file E:/Digilent/Course 1/pwm/pwm.runs/impl_1/pwm_methodology_drc_routed.rpt.
report_methodology completed successfully
INFO: [runtcl-4] Executing : report_power -file pwm_power_routed.rpt -pb pwm_power_summary_routed.pb -rpx pwm_power_routed.rpx
Command: report_power -file pwm_power_routed.rpt -pb pwm_power_summary_routed.pb -rpx pwm_power_routed.rpx
INFO: [Timing 38-35] Done setting XDC timing constraints.
Running Vector-less Activity Propagation...

Finished Running Vector-less Activity Propagation
115 Infos, 0 Warnings, 0 Critical Warnings and 0 Errors encountered.
report_power completed successfully
INFO: [runtcl-4] Executing : report_route_status -file pwm_route_status.rpt -pb pwm_route_status.pb
INFO: [runtcl-4] Executing : report_timing_summary -max_paths 10 -file pwm_timing_summary_routed.rpt -pb pwm_timing_summary_routed.pb -rpx pwm_timing_summary_routed.rpx -warn_on_violation 
INFO: [Timing 38-91] UpdateTimingParams: Speed grade: -1, Delay Type: min_max.
INFO: [Timing 38-191] Multithreading enabled for timing update using a maximum of 2 CPUs
WARNING: [Timing 38-436] There are set_bus_skew constraint(s) in this design. Please run report_bus_skew to ensure that bus skew requirements are met.
INFO: [runtcl-4] Executing : report_incremental_reuse -file pwm_incremental_reuse_routed.rpt
INFO: [Vivado_Tcl 4-1062] Incremental flow is disabled. No incremental reuse Info to report.
INFO: [runtcl-4] Executing : report_clock_utilization -file pwm_clock_utilization_routed.rpt
INFO: [runtcl-4] Executing : report_bus_skew -warn_on_violation -file pwm_bus_skew_routed.rpt -pb pwm_bus_skew_routed.pb -rpx pwm_bus_skew_routed.rpx
INFO: [Timing 38-91] UpdateTimingParams: Speed grade: -1, Delay Type: min_max.
INFO: [Timing 38-191] Multithreading enabled for timing update using a maximum of 2 CPUs
Command: write_bitstream -force pwm.bit
Attempting to get a license for feature 'Implementation' and/or device 'xc7a35t'
INFO: [Common 17-349] Got license for feature 'Implementation' and/or device 'xc7a35t'
Running DRC as a precondition to command write_bitstream
INFO: [IP_Flow 19-1839] IP Catalog is up to date.
INFO: [DRC 23-27] Running DRC with 2 threads
WARNING: [DRC RTSTAT-10] No routable loads: 25 net(s) have no routable loads. The problem bus(es) and/or net(s) are dbg_hub/inst/BSCANID.u_xsdbm_id/CORE_XSDB.UUT_MASTER/U_ICON_INTERFACE/U_CMD6_RD/U_RD_FIFO/SUBCORE_FIFO.xsdbm_v3_0_0_rdfifo_inst/inst_fifo_gen/gconvfifo.rf/grf.rf/gntv_or_sync_fifo.gl0.rd/gr1.gr1_int.rfwft/aempty_fwft_i, dbg_hub/inst/BSCANID.u_xsdbm_id/CORE_XSDB.UUT_MASTER/U_ICON_INTERFACE/U_CMD7_CTL/ctl_reg[2:0], dbg_hub/inst/BSCANID.u_xsdbm_id/CORE_XSDB.UUT_MASTER/U_ICON_INTERFACE/U_CMD1/ctl_reg_en_2[1], dbg_hub/inst/BSCANID.u_xsdbm_id/CORE_XSDB.UUT_MASTER/U_ICON_INTERFACE/U_CMD7_CTL/ctl_reg_en_2[1], dbg_hub/inst/BSCANID.u_xsdbm_id/SWITCH_N_EXT_BSCAN.bscan_switch/m_bscan_capture[0], dbg_hub/inst/BSCANID.u_xsdbm_id/SWITCH_N_EXT_BSCAN.bscan_switch/m_bscan_drck[0], dbg_hub/inst/BSCANID.u_xsdbm_id/SWITCH_N_EXT_BSCAN.bscan_switch/m_bscan_runtest[0], dbg_hub/inst/BSCANID.u_xsdbm_id/CORE_XSDB.UUT_MASTER/U_ICON_INTERFACE/U_CMD6_RD/U_RD_FIFO/SUBCORE_FIFO.xsdbm_v3_0_0_rdfifo_inst/inst_fifo_gen/gconvfifo.rf/grf.rf/gntv_or_sync_fifo.gl0.wr/gwhf.whf/overflow, dbg_hub/inst/BSCANID.u_xsdbm_id/CORE_XSDB.UUT_MASTER/U_ICON_INTERFACE/U_CMD6_WR/U_WR_FIFO/SUBCORE_FIFO.xsdbm_v3_0_0_wrfifo_inst/inst_fifo_gen/gconvfifo.rf/grf.rf/gntv_or_sync_fifo.gl0.wr/gwhf.whf/overflow, dbg_hub/inst/BSCANID.u_xsdbm_id/CORE_XSDB.UUT_MASTER/U_ICON_INTERFACE/U_CMD6_RD/U_RD_FIFO/SUBCORE_FIFO.xsdbm_v3_0_0_rdfifo_inst/inst_fifo_gen/gconvfifo.rf/grf.rf/gntv_or_sync_fifo.gl0.rd/gras.rsts/ram_empty_i, dbg_hub/inst/BSCANID.u_xsdbm_id/CORE_XSDB.UUT_MASTER/U_ICON_INTERFACE/U_CMD6_WR/U_WR_FIFO/SUBCORE_FIFO.xsdbm_v3_0_0_wrfifo_inst/inst_fifo_gen/gconvfifo.rf/grf.rf/gntv_or_sync_fifo.gl0.wr/gwas.wsts/ram_full_i, dbg_hub/inst/BSCANID.u_xsdbm_id/CORE_XSDB.UUT_MASTER/U_ICON_INTERFACE/U_CMD6_WR/U_WR_FIFO/SUBCORE_FIFO.xsdbm_v3_0_0_wrfifo_inst/inst_fifo_gen/gconvfifo.rf/grf.rf/rstblk/rd_rst_reg[0], dbg_hub/inst/BSCANID.u_xsdbm_id/SWITCH_N_EXT_BSCAN.bscan_inst/s_bscan_tms, analyzer1/U0/ila_core_inst/u_ila_regs/U_XSDB_SLAVE/s_daddr_o[13], analyzer1/U0/ila_core_inst/u_ila_regs/U_XSDB_SLAVE/s_daddr_o[14]... and (the first 15 of 23 listed).
INFO: [Vivado 12-3199] DRC finished with 0 Errors, 1 Warnings
INFO: [Vivado 12-3200] Please refer to the DRC report (report_drc) for more information.
INFO: [Designutils 20-2272] Running write_bitstream with 2 threads.
Loading data files...
Loading site data...
Loading route data...
Processing options...
Creating bitmap...
Creating bitstream...
Writing bitstream ./pwm.bit...
INFO: [Vivado 12-1842] Bitgen Completed Successfully.
INFO: [Project 1-120] WebTalk data collection is mandatory when using a WebPACK part without a full Vivado license. To see the specific WebTalk data collected for your design, open the usage_statistics_webtalk.html or usage_statistics_webtalk.xml file in the implementation directory.
Access is denied.
Access is denied.
INFO: [Common 17-83] Releasing license: Implementation
134 Infos, 2 Warnings, 0 Critical Warnings and 0 Errors encountered.
write_bitstream completed successfully
write_bitstream: Time (s): cpu = 00:00:16 ; elapsed = 00:00:14 . Memory (MB): peak = 2274.266 ; gain = 425.379
INFO: [Common 17-206] Exiting Vivado at Tue Feb 22 19:50:18 2022...
